[04:50:08] [main/INFO]: Loading Minecraft 1.21.7 with Fabric Loader 0.16.14
[04:50:09] [main/INFO]: Loading 113 mods:
	- c2me 0.3.4.0.0+1.21.8
	   |-- c2me-base 0.3.4.0.0+1.21.8
	   |-- c2me-client-uncapvd 0.3.4.0.0+1.21.8
	   |-- c2me-fixes-chunkio-threading-issues 0.3.4.0.0+1.21.8
	   |-- c2me-fixes-general-threading-issues 0.3.4.0.0+1.21.8
	   |-- c2me-fixes-worldgen-threading-issues 0.3.4.0.0+1.21.8
	   |-- c2me-fixes-worldgen-vanilla-bugs 0.3.4.0.0+1.21.8
	   |-- c2me-notickvd 0.3.4.0.0+1.21.8
	   |-- c2me-opts-allocs 0.3.4.0.0+1.21.8
	   |-- c2me-opts-chunkio 0.3.4.0.0+1.21.8
	   |-- c2me-opts-dfc 0.3.4.0.0+1.21.8
	   |-- c2me-opts-math 0.3.4.0.0+1.21.8
	   |-- c2me-opts-scheduling 0.3.4.0.0+1.21.8
	   |-- c2me-opts-worldgen-general 0.3.4.0.0+1.21.8
	   |-- c2me-opts-worldgen-vanilla 0.3.4.0.0+1.21.8
	   |-- c2me-rewrites-chunk-serializer 0.3.4.0.0+1.21.8
	   |-- c2me-rewrites-chunk-system 0.3.4.0.0+1.21.8
	   |-- c2me-rewrites-chunkio 0.3.4.0.0+1.21.8
	   |-- c2me-server-utils 0.3.4.0.0+1.21.8
	   |-- c2me-threading-lighting 0.3.4.0.0+1.21.8
	   |-- com_electronwill_night-config_core 3.6.5
	   |-- com_electronwill_night-config_toml 3.6.5
	   |-- com_ibm_async_asyncutil 0.1.0
	   |-- io_reactivex_rxjava3_rxjava 3.1.8
	   |-- mixinsquared 0.2.0-beta.6
	   |-- net_objecthunter_exp4j 0.4.8
	   |-- org_jctools_jctools-core 4.0.5
	   \-- org_reactivestreams_reactive-streams 1.0.4
	- cardinal-components 7.0.0-beta.1
	   |-- cardinal-components-base 7.0.0-beta.1
	   |-- cardinal-components-block 7.0.0-beta.1
	   |-- cardinal-components-chunk 7.0.0-beta.1
	   |-- cardinal-components-entity 7.0.0-beta.1
	   |-- cardinal-components-item 7.0.0-beta.1
	   |-- cardinal-components-level 7.0.0-beta.1
	   |-- cardinal-components-scoreboard 7.0.0-beta.1
	   \-- cardinal-components-world 7.0.0-beta.1
	- chunky 1.4.40
	- cloth-config 19.0.147
	   \-- cloth-basic-math 0.6.1
	- entityculling 1.8.2
	   |-- transition 1.0.3
	   \-- trender 1.0.5
	- fabric-api 0.129.0+1.21.7
	   |-- fabric-api-base 0.4.64+9ec45cd86c
	   |-- fabric-api-lookup-api-v1 1.6.100+946bf4c36c
	   |-- fabric-biome-api-v1 16.0.11+946bf4c36c
	   |-- fabric-block-api-v1 1.1.3+946bf4c36c
	   |-- fabric-block-view-api-v2 1.0.31+946bf4c36c
	   |-- fabric-command-api-v2 2.2.53+946bf4c36c
	   |-- fabric-content-registries-v0 10.0.18+946bf4c36c
	   |-- fabric-convention-tags-v1 2.1.40+7f945d5b6c
	   |-- fabric-convention-tags-v2 2.15.5+eb5df52f6c
	   |-- fabric-crash-report-info-v1 0.3.15+946bf4c36c
	   |-- fabric-data-attachment-api-v1 1.8.10+946bf4c36c
	   |-- fabric-data-generation-api-v1 23.2.4+55e55d296c
	   |-- fabric-dimensions-v1 4.0.19+946bf4c36c
	   |-- fabric-entity-events-v1 2.1.1+c9e472736c
	   |-- fabric-events-interaction-v0 4.0.23+946bf4c36c
	   |-- fabric-game-rule-api-v1 1.0.73+c64c9c5b6c
	   |-- fabric-item-api-v1 11.4.3+946bf4c36c
	   |-- fabric-item-group-api-v1 4.2.13+946bf4c36c
	   |-- fabric-key-binding-api-v1 1.0.65+946bf4c36c
	   |-- fabric-lifecycle-events-v1 2.6.3+db4dfd856c
	   |-- fabric-loot-api-v2 3.0.55+3f89f5a56c
	   |-- fabric-loot-api-v3 2.0.2+946bf4c36c
	   |-- fabric-message-api-v1 6.1.1+946bf4c36c
	   |-- fabric-model-loading-api-v1 5.2.5+946bf4c36c
	   |-- fabric-networking-api-v1 5.0.1+946bf4c36c
	   |-- fabric-object-builder-api-v1 21.1.7+946bf4c36c
	   |-- fabric-particles-v1 4.1.7+946bf4c36c
	   |-- fabric-recipe-api-v1 8.1.14+946bf4c36c
	   |-- fabric-registry-sync-v0 6.1.27+946bf4c36c
	   |-- fabric-renderer-api-v1 7.0.2+946bf4c36c
	   |-- fabric-renderer-indigo 4.0.2+946bf4c36c
	   |-- fabric-rendering-fluids-v1 3.1.30+fa6cb72b6c
	   |-- fabric-rendering-v1 12.4.0+e8d43c766c
	   |-- fabric-resource-conditions-api-v1 5.0.24+946bf4c36c
	   |-- fabric-resource-loader-v0 3.1.11+946bf4c36c
	   |-- fabric-screen-api-v1 2.1.0+277ecf7d6c
	   |-- fabric-screen-handler-api-v1 1.3.136+946bf4c36c
	   |-- fabric-sound-api-v1 1.0.42+946bf4c36c
	   |-- fabric-tag-api-v1 1.2.1+946bf4c36c
	   |-- fabric-transfer-api-v1 6.0.5+946bf4c36c
	   \-- fabric-transitive-access-wideners-v1 6.4.1+ac3e15d16c
	- fabric-language-kotlin 1.13.6+kotlin.2.2.20
	   |-- org_jetbrains_kotlin_kotlin-reflect 2.2.20
	   |-- org_jetbrains_kotlin_kotlin-stdlib 2.2.20
	   |-- org_jetbrains_kotlin_kotlin-stdlib-jdk7 2.2.20
	   |-- org_jetbrains_kotlin_kotlin-stdlib-jdk8 2.2.20
	   |-- org_jetbrains_kotlinx_atomicfu-jvm 0.29.0
	   |-- org_jetbrains_kotlinx_kotlinx-coroutines-core-jvm 1.10.2
	   |-- org_jetbrains_kotlinx_kotlinx-coroutines-jdk8 1.10.2
	   |-- org_jetbrains_kotlinx_kotlinx-datetime-jvm 0.7.1
	   |-- org_jetbrains_kotlinx_kotlinx-io-bytestring-jvm 0.8.0
	   |-- org_jetbrains_kotlinx_kotlinx-io-core-jvm 0.8.0
	   |-- org_jetbrains_kotlinx_kotlinx-serialization-cbor-jvm 1.9.0
	   |-- org_jetbrains_kotlinx_kotlinx-serialization-core-jvm 1.9.0
	   \-- org_jetbrains_kotlinx_kotlinx-serialization-json-jvm 1.9.0
	- fabricloader 0.16.14
	   \-- mixinextras 0.4.1
	- ferritecore 8.0.0
	- jade 19.3.2+fabric
	- java 21
	- lithium 0.18.0+mc1.21.7
	- minecraft 1.21.7
	- mr_hardcore_reviveplus 1.8.6
	- mr_player_revive 1.9+1.21.5-1.21.8+Datapack
	- silk-all 1.11.2
	   |-- silk-commands 1.11.2
	   |-- silk-core 1.11.2
	   |-- silk-game 1.11.2
	   |-- silk-igui 1.11.2
	   |-- silk-nbt 1.11.2
	   |-- silk-network 1.11.2
	   \-- silk-persistence 1.11.2
	- sound_physics_remastered 1.21.7-1.4.14
	- travelersbackpack 10.8.4
	- veinminer 2.5.0
	   |-- de_miraculixx_core_dev 2.5.0
	   \-- fabric-permissions-api-v0 0.4.0
[04:50:09] [main/INFO]: SpongePowered MIXIN Subsystem Version=0.8.7 Source=file:/workspaces/asdsad/servidor_minecraft/libraries/net/fabricmc/sponge-mixin/0.15.5+mixin.0.8.7/sponge-mixin-0.15.5+mixin.0.8.7.jar Service=Knot/Fabric Env=SERVER
[04:50:09] [main/INFO]: Compatibility level set to JAVA_16
[04:50:09] [main/INFO]: Compatibility level set to JAVA_17
[04:50:09] [main/INFO]: Compatibility level set to JAVA_21
[04:50:10] [main/INFO]: Initializing com.ishland.c2me.base.mixin
[04:50:10] [main/INFO]: Global Executor Parallelism: 1 configured, 1 evaluated, 1 default evaluated
[04:50:10] [main/INFO]: Initializing com.ishland.c2me.fixes.chunkio.threading_issues.mixin
[04:50:10] [main/INFO]: Initializing com.ishland.c2me.fixes.general.threading_issues.mixin
[04:50:10] [main/INFO]: Initializing com.ishland.c2me.fixes.worldgen.threading_issues.mixin
[04:50:10] [main/INFO]: Initializing com.ishland.c2me.fixes.worldgen.vanilla_bugs.mixin
[04:50:10] [main/INFO]: Initializing com.ishland.c2me.notickvd.mixin
[04:50:10] [main/INFO]: Initializing com.ishland.c2me.opts.allocs.mixin
[04:50:10] [main/INFO]: Initializing com.ishland.c2me.opts.chunkio.mixin
[04:50:10] [main/INFO]: Initializing com.ishland.c2me.opts.dfc.mixin
[04:50:10] [main/INFO]: Initializing com.ishland.c2me.opts.math.mixin
[04:50:10] [main/INFO]: Initializing com.ishland.c2me.opts.scheduling.mixin
[04:50:10] [main/INFO]: Initializing com.ishland.c2me.opts.worldgen.general.mixin
[04:50:10] [main/INFO]: Initializing com.ishland.c2me.opts.worldgen.vanilla.mixin
[04:50:10] [main/INFO]: Initializing com.ishland.c2me.rewrites.chunk_serializer.mixin
[04:50:10] [main/INFO]: Disabling com.ishland.c2me.rewrites.chunk_serializer.mixin
[04:50:10] [main/INFO]: Initializing com.ishland.c2me.rewrites.chunksystem.mixin
[04:50:10] [main/INFO]: Initializing com.ishland.c2me.rewrites.chunkio.mixin
[04:50:10] [main/INFO]: Initializing com.ishland.c2me.server.utils.mixin
[04:50:10] [main/INFO]: Initializing com.ishland.c2me.threading.lighting.mixin
[04:50:10] [main/WARN]: Mod 'ferritecore' attempted to override option 'mixin.alloc.blockstate', which doesn't exist, ignoring
[04:50:10] [main/INFO]: Loaded configuration file for Lithium: 160 options available, 0 override(s) found.
[04:50:11] [main/WARN]: Error loading class: ca/spottedleaf/starlight/common/thread/SchedulingUtil (java.lang.ClassNotFoundException: ca/spottedleaf/starlight/common/thread/SchedulingUtil)
[04:50:12] [main/INFO]: Initializing MixinExtras via com.llamalad7.mixinextras.service.MixinExtrasServiceImpl(version=0.4.1).
[04:50:26] [main/INFO]: Initializing Silk
[04:50:27] [main/INFO]: Registered the FluidEffect with Unique ID of minecraft:water for Water (Fluid Amount Required: 81000) with the ID 0
[04:50:27] [main/INFO]: Registered the FluidEffect with Unique ID of minecraft:lava for Lava (Fluid Amount Required: 81000) with the ID 1
[04:50:27] [main/INFO]: Registered the FluidEffect with Unique ID of travelersbackpack:potion for block.travelersbackpack.potion_still (Fluid Amount Required: 27000) with the ID 2
[04:50:27] [main/INFO]: Registered the FluidEffect with Unique ID of minecraft:milk for Air (Fluid Amount Required: 81000) with the ID 3
[04:50:27] [main/INFO]: Veinminer Version: 2.5.0 (fabric)
[04:50:27] [main/INFO]: Environment: Environment[sessionHost=https://sessionserver.mojang.com, servicesHost=https://api.minecraftservices.com, name=PROD]
[04:50:27] [DefaultDispatcher-worker-1/INFO]: [STDOUT]: [VeinminerUpdater] veinminer is up to date
[04:50:30] [Worker-Main-1/ERROR]: Invalid path in mod resource-pack mr_hardcore_reviveplus: hcrplus:function/.DS_Store, ignoring
[04:50:31] [main/INFO]: Loaded 1546 recipes
[04:50:31] [main/INFO]: Loaded 1687 advancements
[04:50:32] [main/INFO]: Applied 0 biome modifications to 0 of 65 new biomes in 2.971 ms
[04:50:32] [Server thread/INFO]: Initialized mcCoroutineScope (MinecraftServer as executor)
[04:50:32] [Server thread/INFO]: Starting minecraft server version 1.21.7
[04:50:32] [Server thread/INFO]: Loading properties
[04:50:32] [Server thread/INFO]: Default game type: SURVIVAL
[04:50:32] [Server thread/INFO]: Generating keypair
[04:50:32] [Server thread/INFO]: Starting Minecraft server on *:25565
[04:50:32] [Server thread/INFO]: Using epoll channel type
[04:50:32] [Server thread/WARN]: **** SERVER IS RUNNING IN OFFLINE/INSECURE MODE!
[04:50:32] [Server thread/WARN]: The server will make no attempt to authenticate usernames. Beware.
[04:50:32] [Server thread/WARN]: While this makes the game possible to play without internet access, it also opens up the ability for hackers to connect with any username they choose.
[04:50:32] [Server thread/WARN]: To change this, set "online-mode" to "true" in the server.properties file.
[04:50:32] [Server thread/INFO]: Preparing level "world"
[04:50:32] [Server thread/INFO]: Enforcing safe world random access
[04:50:33] [Server thread/INFO]: [STDOUT]: Density function compilation finished in 613.0 ms
[04:50:34] [Server thread/INFO]: Using TheSpeedyObjectFactory with Unsafe
[04:50:34] [Server thread/INFO]: [STDOUT]: Density function compilation finished in 17.25 ms
[04:50:34] [Server thread/INFO]: [STDOUT]: Density function compilation finished in 9.878 ms
[04:50:34] [Server thread/INFO]: Preparing start region for dimension minecraft:overworld
[04:50:39] [c2me-worker-0/INFO]: Preparing spawn area: 0%
[04:50:39] [c2me-worker-0/INFO]: Preparing spawn area: 0%
[04:50:39] [c2me-worker-0/INFO]: Preparing spawn area: 0%
[04:50:39] [c2me-worker-0/INFO]: Preparing spawn area: 0%
[04:50:39] [c2me-worker-0/INFO]: Preparing spawn area: 0%
[04:50:39] [c2me-worker-0/INFO]: Preparing spawn area: 0%
[04:50:39] [c2me-worker-0/INFO]: Preparing spawn area: 0%
[04:50:39] [c2me-worker-0/INFO]: Preparing spawn area: 0%
[04:50:39] [c2me-worker-0/INFO]: Preparing spawn area: 0%
[04:50:39] [c2me-worker-0/INFO]: Preparing spawn area: 0%
[04:50:39] [c2me-worker-0/INFO]: Preparing spawn area: 0%
[04:50:39] [minecraft_overworld - Light/INFO]: Preparing spawn area: 63%
[04:50:40] [Server thread/INFO]: Time elapsed: 5720 ms
[04:50:40] [Server thread/INFO]: Done (7.508s)! For help, type "help"
[04:50:40] [Server thread/INFO]: Start loading plugin from Jade: snownee.jade.addon.core.CorePlugin
[04:50:40] [Server thread/INFO]: Start loading plugin from Jade: snownee.jade.addon.vanilla.VanillaPlugin
[04:50:40] [Server thread/INFO]: Start loading plugin from Jade: snownee.jade.addon.universal.UniversalPlugin
[04:50:40] [Server thread/INFO]: Start loading plugin from Jade: snownee.jade.addon.access.AccessibilityPlugin
[04:50:40] [Server thread/INFO]: Start loading plugin from Jade: snownee.jade.addon.debug.DebugPlugin
[04:51:29] [Server thread/INFO]: tomyyss[/127.40.163.123:46609] logged in with entity id 2 at (1191.3499020848592, 71.28977215560808, -876.5262792222618)
[04:51:29] [Server thread/INFO]: Loading config from file...
[04:51:29] [Server thread/INFO]: tomyyss joined the game
[04:51:34] [Server thread/WARN]: Can't keep up! Is the server overloaded? Running 2007ms or 40 ticks behind
[04:52:15] [Server thread/INFO]: [tomyyss: Set own game mode to Survival Mode]
[04:52:18] [Server thread/INFO]: [tomyyss: Set own game mode to Spectator Mode]
[04:52:30] [Server thread/INFO]: [tomyyss: Set own game mode to Survival Mode]
[04:52:33] [Server thread/INFO]: [tomyyss: Set own game mode to Spectator Mode]
[04:54:08] [Server thread/INFO]: [tomyyss: Set own game mode to Creative Mode]
[04:56:02] [Server thread/WARN]: Player tomyyss just tried to change non-editable sign
[04:56:02] [Server thread/WARN]: Player tomyyss just tried to change non-editable sign
[04:56:02] [Server thread/WARN]: Player tomyyss just tried to change non-editable sign
[04:56:02] [Server thread/WARN]: Player tomyyss just tried to change non-editable sign
[04:56:02] [Server thread/WARN]: Player tomyyss just tried to change non-editable sign
[04:56:02] [Server thread/WARN]: Player tomyyss just tried to change non-editable sign
[04:56:02] [Server thread/WARN]: Player tomyyss just tried to change non-editable sign
[04:56:02] [Server thread/WARN]: Player tomyyss just tried to change non-editable sign
[04:56:02] [Server thread/WARN]: Player tomyyss just tried to change non-editable sign
[04:56:02] [Server thread/WARN]: Player tomyyss just tried to change non-editable sign
[04:56:02] [Server thread/WARN]: Player tomyyss just tried to change non-editable sign
[04:56:02] [Server thread/WARN]: Player tomyyss just tried to change non-editable sign
[04:56:02] [Server thread/WARN]: Player tomyyss just tried to change non-editable sign
[04:56:02] [Server thread/WARN]: Player tomyyss just tried to change non-editable sign
[04:56:02] [Server thread/WARN]: Player tomyyss just tried to change non-editable sign
[04:56:02] [Server thread/WARN]: Player tomyyss just tried to change non-editable sign
[04:56:02] [Server thread/WARN]: Player tomyyss just tried to change non-editable sign
[04:56:02] [Server thread/WARN]: Player tomyyss just tried to change non-editable sign
[04:56:02] [Server thread/WARN]: Player tomyyss just tried to change non-editable sign
[04:56:02] [Server thread/WARN]: Player tomyyss just tried to change non-editable sign
[04:56:02] [Server thread/WARN]: Player tomyyss just tried to change non-editable sign
[04:56:02] [Server thread/WARN]: Player tomyyss just tried to change non-editable sign
[04:56:02] [Server thread/WARN]: Player tomyyss just tried to change non-editable sign
[04:56:02] [Server thread/WARN]: Player tomyyss just tried to change non-editable sign
[04:56:02] [Server thread/WARN]: Player tomyyss just tried to change non-editable sign
[04:56:02] [Server thread/WARN]: Player tomyyss just tried to change non-editable sign
[04:56:02] [Server thread/WARN]: Player tomyyss just tried to change non-editable sign
[04:56:02] [Server thread/WARN]: Player tomyyss just tried to change non-editable sign
[04:56:02] [Server thread/WARN]: Player tomyyss just tried to change non-editable sign
[04:56:02] [Server thread/WARN]: Player tomyyss just tried to change non-editable sign
[04:56:02] [Server thread/WARN]: Player tomyyss just tried to change non-editable sign
[04:56:02] [Server thread/WARN]: Player tomyyss just tried to change non-editable sign
[04:56:02] [Server thread/WARN]: Player tomyyss just tried to change non-editable sign
[04:56:02] [Server thread/WARN]: Player tomyyss just tried to change non-editable sign
[04:56:02] [Server thread/WARN]: Player tomyyss just tried to change non-editable sign
[04:56:02] [Server thread/WARN]: Player tomyyss just tried to change non-editable sign
[04:56:02] [Server thread/WARN]: Player tomyyss just tried to change non-editable sign
[04:56:02] [Server thread/WARN]: Player tomyyss just tried to change non-editable sign
[04:56:02] [Server thread/WARN]: Player tomyyss just tried to change non-editable sign
[04:56:02] [Server thread/WARN]: Player tomyyss just tried to change non-editable sign
[04:56:02] [Server thread/WARN]: Player tomyyss just tried to change non-editable sign
[04:56:02] [Server thread/WARN]: Player tomyyss just tried to change non-editable sign
[04:56:02] [Server thread/WARN]: Player tomyyss just tried to change non-editable sign
[04:56:02] [Server thread/WARN]: Player tomyyss just tried to change non-editable sign
[04:56:02] [Server thread/WARN]: Player tomyyss just tried to change non-editable sign
[04:56:02] [Server thread/WARN]: Player tomyyss just tried to change non-editable sign
[04:56:02] [Server thread/WARN]: Player tomyyss just tried to change non-editable sign
[04:56:02] [Server thread/WARN]: Player tomyyss just tried to change non-editable sign
[04:56:02] [Server thread/WARN]: Player tomyyss just tried to change non-editable sign
[04:56:06] [Server thread/WARN]: Player tomyyss just tried to change non-editable sign
[04:56:09] [Server thread/INFO]: [tomyyss: Set own game mode to Spectator Mode]
[04:56:11] [Server thread/INFO]: [tomyyss: Set own game mode to Survival Mode]
[04:57:04] [Server thread/INFO]: [tomyyss: Set own game mode to Spectator Mode]
[04:57:06] [Server thread/INFO]: [tomyyss: Set own game mode to Survival Mode]
[04:57:42] [Server thread/INFO]: [tomyyss: Successfully filled 192 block(s)]
[05:00:28] [Server thread/INFO]: [tomyyss: Set own game mode to Spectator Mode]
[05:00:29] [Server thread/INFO]: [tomyyss: Set own game mode to Survival Mode]
[05:06:10] [Server thread/WARN]: tomyyss moved too quickly! 12.94126823843294,0.6659753006947398,5.724952917396422
[05:07:53] [Server thread/WARN]: tomyyss moved too quickly! -9.212377393239194,3.634131501093435,-2.856094265063575
[05:08:25] [Server thread/INFO]: [tomyyss: Set own game mode to Spectator Mode]
[05:08:27] [Server thread/INFO]: [tomyyss: Set own game mode to Creative Mode]
[05:08:55] [Server thread/INFO]: [tomyyss: Set own game mode to Spectator Mode]
[05:08:57] [Server thread/INFO]: [tomyyss: Set own game mode to Survival Mode]
[05:11:11] [Server thread/INFO]: [tomyyss: Gave 1 [TNT] to tomyyss]
[05:13:42] [Server thread/INFO]: [tomyyss: Set own game mode to Spectator Mode]
[05:14:39] [Server thread/WARN]: Can't keep up! Is the server overloaded? Running 56843ms or 1136 ticks behind
[05:14:39] [Server thread/INFO]: tomyyss lost connection: Disconnected
[05:14:39] [Server thread/INFO]: tomyyss left the game
[05:14:39] [Server thread/INFO]: tomyyss (/127.40.163.123:37293) lost connection: Disconnected
[05:14:39] [Server thread/INFO]: tomyyss (/127.40.163.123:60181) lost connection: Disconnected
[05:15:23] [Server thread/INFO]: tomyyss[/127.40.163.123:43031] logged in with entity id 5159 at (1213.9462142462173, 69.0, -895.4925374422096)
[05:15:23] [Server thread/INFO]: Loading config from file...
[05:15:23] [Server thread/INFO]: tomyyss joined the game
[05:15:26] [Server thread/INFO]: [tomyyss: Set own game mode to Creative Mode]
[05:16:14] [Server thread/INFO]: [tomyyss: Set own game mode to Spectator Mode]
[05:16:18] [Server thread/INFO]: [tomyyss: Set own game mode to Creative Mode]
[05:16:19] [Server thread/INFO]: [tomyyss: Set own game mode to Survival Mode]
[05:16:35] [Server thread/WARN]: Can't keep up! Is the server overloaded? Running 3119ms or 62 ticks behind
[05:17:40] [Server thread/INFO]: [tomyyss: Set own game mode to Creative Mode]
[05:19:16] [Server thread/INFO]: [tomyyss: Set own game mode to Survival Mode]
[05:20:04] [Server thread/INFO]: [tomyyss: Set own game mode to Creative Mode]
[05:20:08] [Server thread/INFO]: [tomyyss: Set own game mode to Spectator Mode]
[05:20:15] [Server thread/INFO]: [tomyyss: Set own game mode to Creative Mode]
[05:21:12] [Server thread/INFO]: [tomyyss: Successfully filled 747 block(s)]
[05:21:17] [Server thread/INFO]: [tomyyss: Successfully filled 748 block(s)]
[05:21:27] [Server thread/INFO]: [tomyyss: Successfully filled 476 block(s)]
[05:21:34] [Server thread/INFO]: [tomyyss: Successfully filled 476 block(s)]
[05:22:00] [Server thread/INFO]: [tomyyss: Successfully filled 272 block(s)]
[05:22:28] [Server thread/INFO]: [tomyyss: Successfully filled 360 block(s)]
[05:22:35] [Server thread/INFO]: [tomyyss: Successfully filled 432 block(s)]
[05:22:43] [Server thread/INFO]: [tomyyss: Successfully filled 216 block(s)]
[05:23:04] [Server thread/INFO]: [tomyyss: Set own game mode to Survival Mode]
[05:25:44] [Server thread/WARN]: Mismatch in destroy block pos: class_2338{x=48, y=56, z=-21} class_2338{x=49, y=56, z=-22}
[05:25:44] [Server thread/WARN]: Mismatch in destroy block pos: class_2338{x=48, y=56, z=-21} class_2338{x=49, y=56, z=-22}
[05:25:50] [Server thread/INFO]: [tomyyss: Set own game mode to Creative Mode]
[05:26:10] [Server thread/INFO]: [tomyyss: Set own game mode to Survival Mode]
[05:26:40] [Server thread/INFO]: [tomyyss: Set own game mode to Creative Mode]
[05:26:56] [Server thread/INFO]: [tomyyss: Set own game mode to Survival Mode]
[05:33:45] [Server thread/INFO]: [tomyyss: Set own game mode to Creative Mode]
[05:34:19] [Server thread/INFO]: [tomyyss: Successfully filled 4558 block(s)]
[05:34:29] [Server thread/INFO]: [tomyyss: Set own game mode to Survival Mode]
[05:34:42] [Server thread/INFO]: [tomyyss: Set own game mode to Creative Mode]
[05:34:51] [Server thread/INFO]: [tomyyss: Successfully filled 13834 block(s)]
[05:34:59] [Server thread/INFO]: [tomyyss: Set own game mode to Survival Mode]
[05:38:21] [Server thread/INFO]: [Not Secure] <tomyyss> z
[05:38:30] [Server thread/WARN]: Can't keep up! Is the server overloaded? Running 8626ms or 172 ticks behind
[05:38:30] [Server thread/INFO]: [Not Secure] <tomyyss> zz
[05:38:30] [Server thread/INFO]: [Not Secure] <tomyyss> z
[05:38:30] [Server thread/INFO]: [Not Secure] <tomyyss> z
[05:38:30] [Server thread/INFO]: [Not Secure] <tomyyss> z
[05:39:34] [Server thread/INFO]: [tomyyss: Set own game mode to Creative Mode]
[05:39:46] [Server thread/INFO]: [tomyyss: Set own game mode to Survival Mode]
[05:50:54] [Server thread/INFO]: [tomyyss: Set own game mode to Creative Mode]
[05:50:57] [Server thread/INFO]: [tomyyss: Set own game mode to Survival Mode]
[05:53:04] [Server thread/INFO]: [tomyyss: Set own game mode to Creative Mode]
[05:53:40] [Server thread/INFO]: tomyyss lost connection: Disconnected
[05:53:40] [Server thread/INFO]: tomyyss left the game
[05:53:44] [Server thread/INFO]: tomyyss[/127.40.163.123:41085] logged in with entity id 13546 at (1155.6620542929336, 73.0, -996.1960573160851)
[05:53:44] [Server thread/INFO]: Loading config from file...
[05:53:44] [Server thread/INFO]: tomyyss joined the game
[05:54:32] [Server thread/INFO]: [tomyyss: Set own game mode to Survival Mode]
[05:55:51] [Server thread/INFO]: [tomyyss: Set own game mode to Creative Mode]
[05:56:03] [Server thread/INFO]: [tomyyss: Set own game mode to Survival Mode]
[05:56:35] [Server thread/INFO]: [tomyyss: Set own game mode to Creative Mode]
[05:56:50] [Server thread/INFO]: [tomyyss: Set own game mode to Survival Mode]
[05:57:05] [Server thread/INFO]: [tomyyss: Set own game mode to Creative Mode]
[05:57:21] [Server thread/INFO]: [tomyyss: Set own game mode to Survival Mode]
[05:59:53] [Server thread/INFO]: [tomyyss: Set own game mode to Creative Mode]
[06:00:17] [Server thread/INFO]: [tomyyss: Set own game mode to Survival Mode]
[06:07:23] [Server thread/INFO]: [tomyyss: Set own game mode to Creative Mode]
[06:07:48] [Server thread/INFO]: [tomyyss: Set own game mode to Survival Mode]
[06:08:02] [Server thread/INFO]: [tomyyss: Set own game mode to Creative Mode]
[06:08:47] [Server thread/INFO]: [tomyyss: Set own game mode to Survival Mode]
[06:10:05] [Server thread/INFO]: [tomyyss: Set own game mode to Creative Mode]
[06:10:25] [Server thread/INFO]: [tomyyss: Set own game mode to Survival Mode]
[06:11:00] [Server thread/INFO]: [tomyyss: Set own game mode to Creative Mode]
[06:16:44] [Server thread/INFO]: [tomyyss: Set own game mode to Survival Mode]
[06:16:54] [Server thread/WARN]: Can't keep up! Is the server overloaded? Running 10125ms or 202 ticks behind
[06:16:54] [Server thread/INFO]: tomyyss lost connection: Disconnected
[06:16:54] [Server thread/INFO]: tomyyss left the game
[06:17:32] [Server thread/INFO]: Stopping server
[06:17:32] [Server thread/INFO]: Saving players
[06:17:32] [Server thread/INFO]: Saving worlds
[06:17:32] [Server thread/INFO]: ServerLevel[world]/minecraft:overworld: waiting for 841 chunks to unload
[06:17:32] [Server thread/INFO]: Saving chunks for level 'ServerLevel[world]'/minecraft:overworld
[06:17:32] [Server thread/INFO]: Saving chunks for level 'ServerLevel[world]'/minecraft:the_end
[06:17:32] [Server thread/INFO]: Saving chunks for level 'ServerLevel[world]'/minecraft:the_nether
[06:17:32] [Server thread/INFO]: ThreadedAnvilChunkStorage (world): All chunks are saved
[06:17:32] [Server thread/INFO]: ThreadedAnvilChunkStorage (DIM1): All chunks are saved
[06:17:32] [Server thread/INFO]: ThreadedAnvilChunkStorage (DIM-1): All chunks are saved
[06:17:32] [Server thread/INFO]: ThreadedAnvilChunkStorage: All dimensions are saved
[06:17:32] [C2ME Storage #3/INFO]: Storage thread Thread[#52,C2ME Storage #3,5,main] stopped
[06:17:33] [C2ME Storage #2/INFO]: Storage thread Thread[#51,C2ME Storage #2,5,main] stopped
[06:17:33] [C2ME Storage #1/INFO]: Storage thread Thread[#50,C2ME Storage #1,5,main] stopped
[06:17:33] [C2ME Storage #5/INFO]: Storage thread Thread[#54,C2ME Storage #5,5,main] stopped
[06:17:33] [C2ME Storage #4/INFO]: Storage thread Thread[#53,C2ME Storage #4,5,main] stopped
[06:17:33] [C2ME Storage #6/INFO]: Storage thread Thread[#55,C2ME Storage #6,5,main] stopped
[06:17:33] [C2ME Storage #9/INFO]: Storage thread Thread[#58,C2ME Storage #9,5,main] stopped
[06:17:33] [C2ME Storage #8/INFO]: Storage thread Thread[#57,C2ME Storage #8,5,main] stopped
[06:17:33] [C2ME Storage #7/INFO]: Storage thread Thread[#56,C2ME Storage #7,5,main] stopped
